<?xml version="1.0" encoding="UTF-8"?>
<testsuite name="com.bestbuy.crudtest.CrudRunner" time="1.551" tests="29" errors="0" skipped="0" failures="0">
  <properties>
    <property name="idea.version" value="2022.2.2"/>
    <property name="java.runtime.name" value="Java(TM) SE Runtime Environment"/>
    <property name="sun.boot.library.path" value="C:\Program Files\Java\jdk1.8.0_121\jre\bin"/>
    <property name="java.vm.version" value="25.121-b13"/>
    <property name="java.vm.vendor" value="Oracle Corporation"/>
    <property name="maven.multiModuleProjectDirectory" value="C:\Users\vagad\IdeaProjects\best-buy-serenity-cucumber-anisha"/>
    <property name="java.vendor.url" value="http://java.oracle.com/"/>
    <property name="path.separator" value=";"/>
    <property name="guice.disable.misplaced.annotation.check" value="true"/>
    <property name="java.vm.name" value="Java HotSpot(TM) 64-Bit Server VM"/>
    <property name="file.encoding.pkg" value="sun.io"/>
    <property name="user.script" value=""/>
    <property name="user.country" value="GB"/>
    <property name="sun.java.launcher" value="SUN_STANDARD"/>
    <property name="sun.os.patch.level" value=""/>
    <property name="java.vm.specification.name" value="Java Virtual Machine Specification"/>
    <property name="user.dir" value="C:\Users\vagad\IdeaProjects\best-buy-serenity-cucumber-anisha"/>
    <property name="java.runtime.version" value="1.8.0_121-b13"/>
    <property name="java.awt.graphicsenv" value="sun.awt.Win32GraphicsEnvironment"/>
    <property name="java.endorsed.dirs" value="C:\Program Files\Java\jdk1.8.0_121\jre\lib\endorsed"/>
    <property name="os.arch" value="amd64"/>
    <property name="java.io.tmpdir" value="C:\Users\vagad\AppData\Local\Temp\"/>
    <property name="line.separator" value="&#10;"/>
    <property name="java.vm.specification.vendor" value="Oracle Corporation"/>
    <property name="user.variant" value=""/>
    <property name="os.name" value="Windows 10"/>
    <property name="maven.ext.class.path" value="C:\Program Files\JetBrains\IntelliJ IDEA Community Edition 2022.2.2\plugins\maven\lib\maven-event-listener.jar"/>
    <property name="classworlds.conf" value="C:\Program Files\JetBrains\IntelliJ IDEA Community Edition 2022.2.2\plugins\maven\lib\maven3\bin\m2.conf"/>
    <property name="sun.jnu.encoding" value="Cp1252"/>
    <property name="java.library.path" value="C:\Program Files\Java\jdk1.8.0_121\bin;C:\Windows\Sun\Java\bin;C:\Windows\system32;C:\Windows;C:\ProgramData\Oracle\Java\javapath;C:\Windows\system32;C:\Windows;C:\Windows\System32\Wbem;C:\Windows\System32\WindowsPowerShell\v1.0\;C:\Windows\System32\OpenSSH\;C:\Program Files\Java\jdk1.8.0_121\bin;C:\Program Files\Git\cmd;C:\Program Files\Apache\apache-maven-3.8.6\bin;C:\Program Files\nodejs\;C:\Users\vagad\AppData\Local\Microsoft\WindowsApps;C:\Program Files\Apache\apache-maven-3.8.6\bin;C:\Users\vagad\AppData\Roaming\npm;."/>
    <property name="maven.conf" value="C:\Program Files\JetBrains\IntelliJ IDEA Community Edition 2022.2.2\plugins\maven\lib\maven3/conf"/>
    <property name="java.specification.name" value="Java Platform API Specification"/>
    <property name="java.class.version" value="52.0"/>
    <property name="sun.management.compiler" value="HotSpot 64-Bit Tiered Compilers"/>
    <property name="os.version" value="10.0"/>
    <property name="user.home" value="C:\Users\vagad"/>
    <property name="tags" value="storesfeature:SMOKE"/>
    <property name="user.timezone" value="Europe/London"/>
    <property name="java.awt.printerjob" value="sun.awt.windows.WPrinterJob"/>
    <property name="java.specification.version" value="1.8"/>
    <property name="file.encoding" value="UTF-8"/>
    <property name="user.name" value="vagad"/>
    <property name="java.class.path" value="C:\Program Files\JetBrains\IntelliJ IDEA Community Edition 2022.2.2\plugins\maven\lib\maven3\boot\plexus-classworlds-2.6.0.jar;C:\Program Files\JetBrains\IntelliJ IDEA Community Edition 2022.2.2\plugins\maven\lib\maven3\boot\plexus-classworlds.license;C:\Program Files\JetBrains\IntelliJ IDEA Community Edition 2022.2.2\lib\idea_rt.jar"/>
    <property name="java.vm.specification.version" value="1.8"/>
    <property name="sun.arch.data.model" value="64"/>
    <property name="java.home" value="C:\Program Files\Java\jdk1.8.0_121\jre"/>
    <property name="sun.java.command" value="org.codehaus.classworlds.Launcher -Didea.version=2022.2.2 clean verify -Dtags=storesfeature:SMOKE serenity:aggregate"/>
    <property name="java.specification.vendor" value="Oracle Corporation"/>
    <property name="user.language" value="en"/>
    <property name="awt.toolkit" value="sun.awt.windows.WToolkit"/>
    <property name="java.vm.info" value="mixed mode"/>
    <property name="java.version" value="1.8.0_121"/>
    <property name="java.ext.dirs" value="C:\Program Files\Java\jdk1.8.0_121\jre\lib\ext;C:\Windows\Sun\Java\lib\ext"/>
    <property name="sun.boot.class.path" value="C:\Program Files\Java\jdk1.8.0_121\jre\lib\resources.jar;C:\Program Files\Java\jdk1.8.0_121\jre\lib\rt.jar;C:\Program Files\Java\jdk1.8.0_121\jre\lib\sunrsasign.jar;C:\Program Files\Java\jdk1.8.0_121\jre\lib\jsse.jar;C:\Program Files\Java\jdk1.8.0_121\jre\lib\jce.jar;C:\Program Files\Java\jdk1.8.0_121\jre\lib\charsets.jar;C:\Program Files\Java\jdk1.8.0_121\jre\lib\jfr.jar;C:\Program Files\Java\jdk1.8.0_121\jre\classes"/>
    <property name="java.vendor" value="Oracle Corporation"/>
    <property name="maven.home" value="C:\Program Files\JetBrains\IntelliJ IDEA Community Edition 2022.2.2\plugins\maven\lib\maven3"/>
    <property name="file.separator" value="\"/>
    <property name="java.vendor.url.bug" value="http://bugreport.sun.com/bugreport/"/>
    <property name="sun.cpu.endian" value="little"/>
    <property name="sun.io.unicode.encoding" value="UnicodeLittle"/>
    <property name="sun.desktop" value="windows"/>
    <property name="sun.cpu.isalist" value="amd64"/>
  </properties>
  <testcase name="Given User is on stores page endpoint" classname="Scenario: Check if the Stores data can be accessed by user" time="0.001"/>
  <testcase name="When User sends a GET request to the stores endpoint" classname="Scenario: Check if the Stores data can be accessed by user" time="0"/>
  <testcase name="Then User must get back a valid status response code 200 from stores endpoint" classname="Scenario: Check if the Stores data can be accessed by user" time="0"/>
  <testcase name="Scenario: Check if the Stores data can be accessed by user" classname="Scenario: Check if the Stores data can be accessed by user" time="1.238"/>
  <testcase name="Given User is on stores page endpoint" classname="Scenario: Check if user can CREATE a new store on stores endpoint" time="0"/>
  <testcase name="When User sends a POST request with a valid payload to the stores endpoint" classname="Scenario: Check if user can CREATE a new store on stores endpoint" time="0"/>
  <testcase name="Then User must get back a valid status response code 201 from create stores endpoint" classname="Scenario: Check if user can CREATE a new store on stores endpoint" time="0"/>
  <testcase name="Scenario: Check if user can CREATE a new store on stores endpoint" classname="Scenario: Check if user can CREATE a new store on stores endpoint" time="0.046"/>
  <testcase name="Given User is on stores page endpoint" classname="Scenario: Check if user can READ a newly created store on stores endpoint" time="0"/>
  <testcase name="When User send a GET request to newly created store with store ID" classname="Scenario: Check if user can READ a newly created store on stores endpoint" time="0"/>
  <testcase name="Then User must get back a valid status response code 201 from stores endpoint" classname="Scenario: Check if user can READ a newly created store on stores endpoint" time="0"/>
  <testcase name="And User should verify if the store is created with correct details" classname="Scenario: Check if user can READ a newly created store on stores endpoint" time="0"/>
  <testcase name="Scenario: Check if user can READ a newly created store on stores endpoint" classname="Scenario: Check if user can READ a newly created store on stores endpoint" time="0.037"/>
  <testcase name="Given User is on stores page endpoint" classname="Scenario: Check if user can UPDATE a newly created store on stores endpoint" time="0"/>
  <testcase name="When User send a PUT request to newly created store with store ID" classname="Scenario: Check if user can UPDATE a newly created store on stores endpoint" time="0"/>
  <testcase name="Then User must get back a valid status response code 201 from stores endpoint" classname="Scenario: Check if user can UPDATE a newly created store on stores endpoint" time="0"/>
  <testcase name="And User should verify if the stores details are updated with correct details" classname="Scenario: Check if user can UPDATE a newly created store on stores endpoint" time="0"/>
  <testcase name="Scenario: Check if user can UPDATE a newly created store on stores endpoint" classname="Scenario: Check if user can UPDATE a newly created store on stores endpoint" time="0.05"/>
  <testcase name="Given User is on stores page endpoint" classname="Scenario: Check if user can delete a newly created store on stores end point" time="0"/>
  <testcase name="When User send a DELETE request to newly created store with store ID" classname="Scenario: Check if user can delete a newly created store on stores end point" time="0"/>
  <testcase name="Then User must get back a valid status response code 201 from stores endpoint" classname="Scenario: Check if user can delete a newly created store on stores end point" time="0"/>
  <testcase name="And User should verify if the store is deleted" classname="Scenario: Check if user can delete a newly created store on stores end point" time="0"/>
  <testcase name="Scenario: Check if user can delete a newly created store on stores end point" classname="Scenario: Check if user can delete a newly created store on stores end point" time="0.04"/>
  <testcase name="When User creates new store record with &quot;Komal Tech&quot;, &quot;BigBox&quot;, &quot;12 1st Street A&quot;, &quot;abc&quot;, &quot;London&quot;, &quot;MN&quot;, &quot;25687&quot;, &quot;44.879314&quot;, &quot;93.077156&quot;, &quot;Mon: 10-9; Tue: 10-9; Wed: 10-9; Thurs: 10-9; Fri: 10-9; Sat: 10-9; Sun: 10-8&quot;" classname="| Komal Tech | BigBox | 12 1st Street A | abc | London | MN | 25687 | 44.879314 | 93.077156 | Mon: 10-9; Tue: 10-9; Wed: 10-9; Thurs: 10-9; Fri: 10-9; Sat: 10-9; Sun: 10-8 |" time="0.001"/>
  <testcase name="And User can search new record using store &quot;Komal Tech&quot;" classname="| Komal Tech | BigBox | 12 1st Street A | abc | London | MN | 25687 | 44.879314 | 93.077156 | Mon: 10-9; Tue: 10-9; Wed: 10-9; Thurs: 10-9; Fri: 10-9; Sat: 10-9; Sun: 10-8 |" time="0"/>
  <testcase name="And User can update new record using storeID, name, &quot;BigBox&quot;, &quot;12 1st Street A&quot;, &quot;abc&quot;, &quot;London&quot;, &quot;MN&quot;, &quot;25687&quot;, &quot;44.879314&quot;, &quot;93.077156&quot;, &quot;Mon: 10-9; Tue: 10-9; Wed: 10-9; Thurs: 10-9; Fri: 10-9; Sat: 10-9; Sun: 10-8&quot;" classname="| Komal Tech | BigBox | 12 1st Street A | abc | London | MN | 25687 | 44.879314 | 93.077156 | Mon: 10-9; Tue: 10-9; Wed: 10-9; Thurs: 10-9; Fri: 10-9; Sat: 10-9; Sun: 10-8 |" time="0"/>
  <testcase name="And User can delete new record using storeID" classname="| Komal Tech | BigBox | 12 1st Street A | abc | London | MN | 25687 | 44.879314 | 93.077156 | Mon: 10-9; Tue: 10-9; Wed: 10-9; Thurs: 10-9; Fri: 10-9; Sat: 10-9; Sun: 10-8 |" time="0"/>
  <testcase name="Then User is able to run successful CRUD operation on store details" classname="| Komal Tech | BigBox | 12 1st Street A | abc | London | MN | 25687 | 44.879314 | 93.077156 | Mon: 10-9; Tue: 10-9; Wed: 10-9; Thurs: 10-9; Fri: 10-9; Sat: 10-9; Sun: 10-8 |" time="0"/>
  <testcase name="| Komal Tech | BigBox | 12 1st Street A | abc | London | MN | 25687 | 44.879314 | 93.077156 | Mon: 10-9; Tue: 10-9; Wed: 10-9; Thurs: 10-9; Fri: 10-9; Sat: 10-9; Sun: 10-8 |" classname="| Komal Tech | BigBox | 12 1st Street A | abc | London | MN | 25687 | 44.879314 | 93.077156 | Mon: 10-9; Tue: 10-9; Wed: 10-9; Thurs: 10-9; Fri: 10-9; Sat: 10-9; Sun: 10-8 |" time="0.138"/>
</testsuite>